<?xml version="1.0" encoding="UTF-8"?>
<!-- Generated by org.testng.reporters.JUnitXMLReporter -->
<testsuite ignored="4" hostname="Guru" failures="0" tests="1" name="Default test" time="7.937" errors="0" timestamp="2024-04-08T16:28:15 IST">
  <testcase classname="BaseClass.TestClass" name="booking" time="7.887"/>
  <testcase classname="BaseClass.TestClass" name="goibibo" time="0.0">
    <ignored/>
  </testcase> <!-- goibibo -->
  <testcase classname="BaseClass.TestClass" name="goIndigo" time="0.0">
    <ignored/>
  </testcase> <!-- goIndigo -->
  <testcase classname="BaseClass.TestClass" name="easeMyTrip" time="0.0">
    <ignored/>
  </testcase> <!-- easeMyTrip -->
  <testcase classname="BaseClass.TestClass" name="clearTrip" time="0.0">
    <ignored/>
  </testcase> <!-- clearTrip -->
</testsuite> <!-- Default test -->
