<?xml version="1.0" encoding="UTF-8"?>
<testng-results ignored="0" total="1" passed="1" failed="0" skipped="0">
  <reporter-output>
  </reporter-output>
  <suite started-at="2024-04-08T16:28:07 IST" name="Default suite" finished-at="2024-04-08T16:28:15 IST" duration-ms="7937">
    <groups>
    </groups>
    <test started-at="2024-04-08T16:28:07 IST" name="Default test" finished-at="2024-04-08T16:28:15 IST" duration-ms="7937">
      <class name="BaseClass.TestClass">
        <test-method signature="booking()[pri:0, instance:BaseClass.TestClass@57a3af25]" started-at="2024-04-08T16:28:07 IST" name="booking" finished-at="2024-04-08T16:28:15 IST" duration-ms="7887" status="PASS">
          <reporter-output>
          </reporter-output>
        </test-method> <!-- booking -->
      </class> <!-- BaseClass.TestClass -->
    </test> <!-- Default test -->
  </suite> <!-- Default suite -->
</testng-results>
